<?xml version="1.0" encoding="UTF-8"?>
<testsuite xmlns:xsi="http://www.w3.org/2001/XMLSchema-instance" xsi:noNamespaceSchemaLocation="https://maven.apache.org/surefire/maven-surefire-plugin/xsd/surefire-test-report-3.0.xsd" version="3.0" name="com.example.funcionarios.FuncionarioControllerIntegrationTest" time="0.975" tests="1" errors="0" skipped="0" failures="0">
  <properties>
[...]
</properties>
  <testcase name="listarTodos_ShouldReturnAllFuncionarios" classname="com.example.funcionarios.FuncionarioControllerIntegrationTest" time="0.284">
    <system-out><![CDATA[2024-06-15T19:01:00.756-03:00  INFO 11075 --- [           main] t.c.s.AnnotationConfigContextLoaderUtils : Could not detect default configuration classes for test class [com.example.funcionarios.FuncionarioControllerIntegrationTest]: FuncionarioControllerIntegrationTest does not declare any static, non-private, non-final, nested classes annotated with @Configuration.
2024-06-15T19:01:00.773-03:00  INFO 11075 --- [           main] .b.t.c.SpringBootTestContextBootstrapper : Found @SpringBootConfiguration com.example.funcionarios.IndustriaFuncionariosApplication for test class com.example.funcionarios.FuncionarioControllerIntegrationTest
  .   ____          _            __ _ _
 /\\ / ___'_ __ _ _(_)_ __  __ _ \ \ \ \
( ( )\___ | '_ | '_| | '_ \/ _` | \ \ \ \
 \\/  ___)| |_)| | | | | || (_| |  ) ) ) )
  '  |____| .__|_| |_|_| |_\__, | / / / /
 =========|_|==============|___/=/_/_/_/

 :: Spring Boot ::                (v3.3.0)

2024-06-15T19:01:00.838-03:00  INFO 11075 --- [           main] e.f.FuncionarioControllerIntegrationTest : Starting FuncionarioControllerIntegrationTest using Java 17.0.11 with PID 11075 (started by matheus in /home/matheus/IdeaProjects/industria-funcionarios)
2024-06-15T19:01:00.839-03:00  INFO 11075 --- [           main] e.f.FuncionarioControllerIntegrationTest : No active profile set, falling back to 1 default profile: "default"
2024-06-15T19:01:01.029-03:00  INFO 11075 --- [           main] .s.d.r.c.RepositoryConfigurationDelegate : Bootstrapping Spring Data JPA repositories in DEFAULT mode.
2024-06-15T19:01:01.037-03:00  INFO 11075 --- [           main] .s.d.r.c.RepositoryConfigurationDelegate : Finished Spring Data repository scanning in 7 ms. Found 1 JPA repository interface.
2024-06-15T19:01:01.147-03:00  INFO 11075 --- [           main] com.zaxxer.hikari.HikariDataSource       : HikariPool-2 - Starting...
2024-06-15T19:01:01.148-03:00  INFO 11075 --- [           main] com.zaxxer.hikari.pool.HikariPool        : HikariPool-2 - Added connection conn10: url=jdbc:h2:mem:banco user=SA
2024-06-15T19:01:01.148-03:00  INFO 11075 --- [           main] com.zaxxer.hikari.HikariDataSource       : HikariPool-2 - Start completed.
2024-06-15T19:01:01.150-03:00  INFO 11075 --- [           main] o.hibernate.jpa.internal.util.LogHelper  : HHH000204: Processing PersistenceUnitInfo [name: default]
2024-06-15T19:01:01.152-03:00  INFO 11075 --- [           main] o.h.c.internal.RegionFactoryInitiator    : HHH000026: Second-level cache disabled
2024-06-15T19:01:01.161-03:00  INFO 11075 --- [           main] o.s.o.j.p.SpringPersistenceUnitInfo      : No LoadTimeWeaver setup: ignoring JPA class transformer
2024-06-15T19:01:01.162-03:00  WARN 11075 --- [           main] org.hibernate.orm.deprecation            : HHH90000025: H2Dialect does not need to be specified explicitly using 'hibernate.dialect' (remove the property setting and it will be selected by default)
2024-06-15T19:01:01.192-03:00  INFO 11075 --- [           main] o.h.e.t.j.p.i.JtaPlatformInitiator       : HHH000489: No JTA platform available (set 'hibernate.transaction.jta.platform' to enable JTA platform integration)
2024-06-15T19:01:01.195-03:00  INFO 11075 --- [           main] j.LocalContainerEntityManagerFactoryBean : Initialized JPA EntityManagerFactory for persistence unit 'default'
2024-06-15T19:01:01.264-03:00  WARN 11075 --- [           main] JpaBaseConfiguration$JpaWebConfiguration : spring.jpa.open-in-view is enabled by default. Therefore, database queries may be performed during view rendering. Explicitly configure spring.jpa.open-in-view to disable this warning
2024-06-15T19:01:01.371-03:00  INFO 11075 --- [           main] o.s.b.a.h2.H2ConsoleAutoConfiguration    : H2 console available at '/h2'. Database available at 'jdbc:h2:mem:banco'
2024-06-15T19:01:01.413-03:00  INFO 11075 --- [           main] o.s.b.t.m.w.SpringBootMockServletContext : Initializing Spring TestDispatcherServlet ''
2024-06-15T19:01:01.414-03:00  INFO 11075 --- [           main] o.s.t.web.servlet.TestDispatcherServlet  : Initializing Servlet ''
2024-06-15T19:01:01.417-03:00  INFO 11075 --- [           main] o.s.t.web.servlet.TestDispatcherServlet  : Completed initialization in 1 ms
2024-06-15T19:01:01.436-03:00  INFO 11075 --- [           main] e.f.FuncionarioControllerIntegrationTest : Started FuncionarioControllerIntegrationTest in 0.657 seconds (process running for 4.121)
]]></system-out>
  </testcase>
</testsuite>